<?xml version="1.0" encoding="UTF-8"?>
<!-- Generated by org.testng.reporters.JUnitReportReporter -->
<testsuite hostname="ip-172-31-29-237" failures="0" tests="2" name="testPage.editProfile" time="0.621" errors="0" timestamp="2023-07-14T11:30:15 UTC" skipped="0">
  <testcase classname="testPage.editProfile" name="logout" time="0.227"/>
  <system-out/>
  <testcase classname="testPage.editProfile" name="editprofilePage" time="0.394"/>
  <system-out/>
</testsuite> <!-- testPage.editProfile -->
