<?xml version="1.0" encoding="UTF-8"?>
<!-- Generated by org.testng.reporters.JUnitReportReporter -->
<testsuite hostname="ip-172-31-29-237" failures="0" tests="1" name="testPage.TestRegistrationPage" time="0.582" errors="0" timestamp="2023-07-14T11:20:37 UTC" skipped="0">
  <testcase classname="testPage.TestRegistrationPage" name="testRegistrationPage" time="0.582"/>
  <system-out/>
</testsuite> <!-- testPage.TestRegistrationPage -->
